2005.05.29 00:24 B G:\Clic Engenharia\praiagrande\pessoas\abel_esteves.htm --> www.clicengenharia.com.br /cliceng/wwwroot/praiagrande/pessoas abel_esteves.htm
2005.05.29 00:24 B G:\Clic Engenharia\praiagrande\pessoas\acacio_inacio.htm --> www.clicengenharia.com.br /cliceng/wwwroot/praiagrande/pessoas acacio_inacio.htm
2005.05.29 00:24 B G:\Clic Engenharia\praiagrande\pessoas\alberto_lima.htm --> www.clicengenharia.com.br /cliceng/wwwroot/praiagrande/pessoas alberto_lima.htm
2005.05.29 00:24 B G:\Clic Engenharia\praiagrande\pessoas\alberto_santos.htm --> www.clicengenharia.com.br /cliceng/wwwroot/praiagrande/pessoas alberto_santos.htm
2005.05.29 00:24 B G:\Clic Engenharia\praiagrande\pessoas\alfredo_aguiar.htm --> www.clicengenharia.com.br /cliceng/wwwroot/praiagrande/pessoas alfredo_aguiar.htm
2005.05.29 00:24 B G:\Clic Engenharia\praiagrande\pessoas\americo_reis.htm --> www.clicengenharia.com.br /cliceng/wwwroot/praiagrande/pessoas americo_reis.htm
2005.05.29 00:25 B G:\Clic Engenharia\praiagrande\pessoas\antonio_inacio.htm --> www.clicengenharia.com.br /cliceng/wwwroot/praiagrande/pessoas antonio_inacio.htm
2005.05.29 00:25 B G:\Clic Engenharia\praiagrande\pessoas\arnaldo_inacio.htm --> www.clicengenharia.com.br /cliceng/wwwroot/praiagrande/pessoas arnaldo_inacio.htm
2005.05.29 00:25 B G:\Clic Engenharia\praiagrande\pessoas\arno_porto.htm --> www.clicengenharia.com.br /cliceng/wwwroot/praiagrande/pessoas arno_porto.htm
2005.05.29 00:25 B G:\Clic Engenharia\praiagrande\pessoas\camilo_inacio.htm --> www.clicengenharia.com.br /cliceng/wwwroot/praiagrande/pessoas camilo_inacio.htm
2005.05.29 00:25 B G:\Clic Engenharia\praiagrande\pessoas\clarisvaldo.htm --> www.clicengenharia.com.br /cliceng/wwwroot/praiagrande/pessoas clarisvaldo.htm
2005.05.29 00:25 B G:\Clic Engenharia\praiagrande\pessoas\enia_inacio.htm --> www.clicengenharia.com.br /cliceng/wwwroot/praiagrande/pessoas enia_inacio.htm
2005.05.29 00:25 B G:\Clic Engenharia\praiagrande\pessoas\felix_de_Luca.htm --> www.clicengenharia.com.br /cliceng/wwwroot/praiagrande/pessoas felix_de_Luca.htm
2005.05.29 00:25 B G:\Clic Engenharia\praiagrande\pessoas\fredo_homem.htm --> www.clicengenharia.com.br /cliceng/wwwroot/praiagrande/pessoas fredo_homem.htm
2005.05.29 00:26 B G:\Clic Engenharia\praiagrande\pessoas\frei_protasio.htm --> www.clicengenharia.com.br /cliceng/wwwroot/praiagrande/pessoas frei_protasio.htm
2005.05.29 00:26 B G:\Clic Engenharia\praiagrande\pessoas\jardelina-jeronimo.htm --> www.clicengenharia.com.br /cliceng/wwwroot/praiagrande/pessoas jardelina-jeronimo.htm
2005.05.29 00:26 B G:\Clic Engenharia\praiagrande\pessoas\joao_inacio.htm --> www.clicengenharia.com.br /cliceng/wwwroot/praiagrande/pessoas joao_inacio.htm
2005.05.29 00:26 B G:\Clic Engenharia\praiagrande\pessoas\joao_matos.htm --> www.clicengenharia.com.br /cliceng/wwwroot/praiagrande/pessoas joao_matos.htm
2005.05.29 00:26 B G:\Clic Engenharia\praiagrande\pessoas\jose_amandio.htm --> www.clicengenharia.com.br /cliceng/wwwroot/praiagrande/pessoas jose_amandio.htm
2005.05.29 00:26 B G:\Clic Engenharia\praiagrande\pessoas\jose_inacio.htm --> www.clicengenharia.com.br /cliceng/wwwroot/praiagrande/pessoas jose_inacio.htm
2005.05.29 00:26 B G:\Clic Engenharia\praiagrande\pessoas\julio_clezar.htm --> www.clicengenharia.com.br /cliceng/wwwroot/praiagrande/pessoas julio_clezar.htm
2005.05.29 00:26 B G:\Clic Engenharia\praiagrande\pessoas\luiz_bento.htm --> www.clicengenharia.com.br /cliceng/wwwroot/praiagrande/pessoas luiz_bento.htm
2005.05.29 00:27 B G:\Clic Engenharia\praiagrande\pessoas\luiz_inacio.htm --> www.clicengenharia.com.br /cliceng/wwwroot/praiagrande/pessoas luiz_inacio.htm
2005.05.29 00:27 B G:\Clic Engenharia\praiagrande\pessoas\maria_jose.htm --> www.clicengenharia.com.br /cliceng/wwwroot/praiagrande/pessoas maria_jose.htm
2005.05.29 00:27 B G:\Clic Engenharia\praiagrande\pessoas\miguel_cardoso.htm --> www.clicengenharia.com.br /cliceng/wwwroot/praiagrande/pessoas miguel_cardoso.htm
2005.05.29 00:27 B G:\Clic Engenharia\praiagrande\pessoas\moraes.htm --> www.clicengenharia.com.br /cliceng/wwwroot/praiagrande/pessoas moraes.htm
2005.05.29 00:27 B G:\Clic Engenharia\praiagrande\pessoas\nene_inacio.htm --> www.clicengenharia.com.br /cliceng/wwwroot/praiagrande/pessoas nene_inacio.htm
2005.05.29 00:27 B G:\Clic Engenharia\praiagrande\pessoas\osorio_aninha.htm --> www.clicengenharia.com.br /cliceng/wwwroot/praiagrande/pessoas osorio_aninha.htm
2005.05.29 00:27 B G:\Clic Engenharia\praiagrande\pessoas\padres.htm --> www.clicengenharia.com.br /cliceng/wwwroot/praiagrande/pessoas padres.htm
2005.05.29 00:28 B G:\Clic Engenharia\praiagrande\pessoas\pedro_meleiro.htm --> www.clicengenharia.com.br /cliceng/wwwroot/praiagrande/pessoas pedro_meleiro.htm
2005.05.29 00:28 B G:\Clic Engenharia\praiagrande\pessoas\plinio_coelho.htm --> www.clicengenharia.com.br /cliceng/wwwroot/praiagrande/pessoas plinio_coelho.htm
2005.05.29 00:28 B G:\Clic Engenharia\praiagrande\pessoas\ricardo_inacio.htm --> www.clicengenharia.com.br /cliceng/wwwroot/praiagrande/pessoas ricardo_inacio.htm
2005.05.29 00:28 B G:\Clic Engenharia\praiagrande\pessoas\rogerio_inacio.htm --> www.clicengenharia.com.br /cliceng/wwwroot/praiagrande/pessoas rogerio_inacio.htm
2005.05.29 00:28 B G:\Clic Engenharia\praiagrande\pessoas\salete_inacio.htm --> www.clicengenharia.com.br /cliceng/wwwroot/praiagrande/pessoas salete_inacio.htm
2005.05.29 00:28 B G:\Clic Engenharia\praiagrande\pessoas\sebastiao_inacio.htm --> www.clicengenharia.com.br /cliceng/wwwroot/praiagrande/pessoas sebastiao_inacio.htm
2005.05.29 00:28 B G:\Clic Engenharia\praiagrande\pessoas\wenceslau_valentina.htm --> www.clicengenharia.com.br /cliceng/wwwroot/praiagrande/pessoas wenceslau_valentina.htm
2005.07.02 17:32 B G:\Clic Engenharia\praiagrande\pessoas\alberto_teixeira.htm --> www.clicengenharia.com.br /cliceng/wwwroot/praiagrande/pessoas alberto_teixeira.htm
2006.02.02 17:56 B G:\Clic Engenharia\praiagrande\pessoas\1_pessoas.htm --> www.clicengenharia.com.br /cliceng/wwwroot/praiagrande/pessoas 1_pessoas.htm
2006.02.02 17:56 B G:\Clic Engenharia\praiagrande\pessoas\abel_esteves.htm --> www.clicengenharia.com.br /cliceng/wwwroot/praiagrande/pessoas abel_esteves.htm
2006.02.02 17:56 B G:\Clic Engenharia\praiagrande\pessoas\acacio_inacio.htm --> www.clicengenharia.com.br /cliceng/wwwroot/praiagrande/pessoas acacio_inacio.htm
2006.02.02 17:56 B G:\Clic Engenharia\praiagrande\pessoas\aderbal.htm --> www.clicengenharia.com.br /cliceng/wwwroot/praiagrande/pessoas aderbal.htm
2006.02.02 17:56 B G:\Clic Engenharia\praiagrande\pessoas\alberto_lima.htm --> www.clicengenharia.com.br /cliceng/wwwroot/praiagrande/pessoas alberto_lima.htm
2006.02.02 17:57 B G:\Clic Engenharia\praiagrande\pessoas\alberto_santos.htm --> www.clicengenharia.com.br /cliceng/wwwroot/praiagrande/pessoas alberto_santos.htm
2006.02.02 17:57 B G:\Clic Engenharia\praiagrande\pessoas\alberto_teixeira.htm --> www.clicengenharia.com.br /cliceng/wwwroot/praiagrande/pessoas alberto_teixeira.htm
2006.02.02 17:57 B G:\Clic Engenharia\praiagrande\pessoas\alexandre_patricia.htm --> www.clicengenharia.com.br /cliceng/wwwroot/praiagrande/pessoas alexandre_patricia.htm
2006.02.02 17:57 B G:\Clic Engenharia\praiagrande\pessoas\alfredo_aguiar.htm --> www.clicengenharia.com.br /cliceng/wwwroot/praiagrande/pessoas alfredo_aguiar.htm
2006.02.02 17:57 B G:\Clic Engenharia\praiagrande\pessoas\altemar_esteves.htm --> www.clicengenharia.com.br /cliceng/wwwroot/praiagrande/pessoas altemar_esteves.htm
2006.02.02 17:57 B G:\Clic Engenharia\praiagrande\pessoas\americo_reis.htm --> www.clicengenharia.com.br /cliceng/wwwroot/praiagrande/pessoas americo_reis.htm
2006.02.02 17:57 B G:\Clic Engenharia\praiagrande\pessoas\ana-manolo.htm --> www.clicengenharia.com.br /cliceng/wwwroot/praiagrande/pessoas ana-manolo.htm
2006.02.02 17:57 B G:\Clic Engenharia\praiagrande\pessoas\angelino _pereira.htm --> www.clicengenharia.com.br /cliceng/wwwroot/praiagrande/pessoas angelino _pereira.htm
2006.02.02 17:58 B G:\Clic Engenharia\praiagrande\pessoas\antonio_borba.htm --> www.clicengenharia.com.br /cliceng/wwwroot/praiagrande/pessoas antonio_borba.htm
2006.02.02 17:58 B G:\Clic Engenharia\praiagrande\pessoas\antonio_inacio.htm --> www.clicengenharia.com.br /cliceng/wwwroot/praiagrande/pessoas antonio_inacio.htm
2006.02.02 17:58 B G:\Clic Engenharia\praiagrande\pessoas\antonio_silvino.htm --> www.clicengenharia.com.br /cliceng/wwwroot/praiagrande/pessoas antonio_silvino.htm
2006.02.02 17:58 B G:\Clic Engenharia\praiagrande\pessoas\ari_borges.htm --> www.clicengenharia.com.br /cliceng/wwwroot/praiagrande/pessoas ari_borges.htm
2006.02.02 17:58 B G:\Clic Engenharia\praiagrande\pessoas\armando_marta.htm --> www.clicengenharia.com.br /cliceng/wwwroot/praiagrande/pessoas armando_marta.htm
2006.02.02 17:58 B G:\Clic Engenharia\praiagrande\pessoas\arnaldo_inacio.htm --> www.clicengenharia.com.br /cliceng/wwwroot/praiagrande/pessoas arnaldo_inacio.htm
2006.02.02 17:58 B G:\Clic Engenharia\praiagrande\pessoas\arno_porto.htm --> www.clicengenharia.com.br /cliceng/wwwroot/praiagrande/pessoas arno_porto.htm
2006.02.02 17:58 B G:\Clic Engenharia\praiagrande\pessoas\aurino_coelho.htm --> www.clicengenharia.com.br /cliceng/wwwroot/praiagrande/pessoas aurino_coelho.htm
2006.02.02 17:59 B G:\Clic Engenharia\praiagrande\pessoas\avelino_maria.htm --> www.clicengenharia.com.br /cliceng/wwwroot/praiagrande/pessoas avelino_maria.htm
2006.02.02 17:59 B G:\Clic Engenharia\praiagrande\pessoas\bento_esteves.htm --> www.clicengenharia.com.br /cliceng/wwwroot/praiagrande/pessoas bento_esteves.htm
2006.02.02 17:59 B G:\Clic Engenharia\praiagrande\pessoas\bete_euclecio.htm --> www.clicengenharia.com.br /cliceng/wwwroot/praiagrande/pessoas bete_euclecio.htm
2006.02.02 17:59 B G:\Clic Engenharia\praiagrande\pessoas\caetano_maciel.htm --> www.clicengenharia.com.br /cliceng/wwwroot/praiagrande/pessoas caetano_maciel.htm
2006.02.02 17:59 B G:\Clic Engenharia\praiagrande\pessoas\camilo_inacio.htm --> www.clicengenharia.com.br /cliceng/wwwroot/praiagrande/pessoas camilo_inacio.htm
2006.02.02 17:59 B G:\Clic Engenharia\praiagrande\pessoas\cezar_esteves.htm --> www.clicengenharia.com.br /cliceng/wwwroot/praiagrande/pessoas cezar_esteves.htm
2006.02.02 17:59 B G:\Clic Engenharia\praiagrande\pessoas\clarisvaldo.htm --> www.clicengenharia.com.br /cliceng/wwwroot/praiagrande/pessoas clarisvaldo.htm
2006.02.02 17:59 B G:\Clic Engenharia\praiagrande\pessoas\derleu_lima.htm --> www.clicengenharia.com.br /cliceng/wwwroot/praiagrande/pessoas derleu_lima.htm
2006.02.02 17:59 B G:\Clic Engenharia\praiagrande\pessoas\didi_natalina.htm --> www.clicengenharia.com.br /cliceng/wwwroot/praiagrande/pessoas didi_natalina.htm
2006.02.02 17:59 B G:\Clic Engenharia\praiagrande\pessoas\djalma_edilia.htm --> www.clicengenharia.com.br /cliceng/wwwroot/praiagrande/pessoas djalma_edilia.htm
2006.02.02 18:00 B G:\Clic Engenharia\praiagrande\pessoas\dorotovio_may.htm --> www.clicengenharia.com.br /cliceng/wwwroot/praiagrande/pessoas dorotovio_may.htm
2006.02.02 18:00 B G:\Clic Engenharia\praiagrande\pessoas\edson_selanir.htm --> www.clicengenharia.com.br /cliceng/wwwroot/praiagrande/pessoas edson_selanir.htm
2006.02.02 18:00 B G:\Clic Engenharia\praiagrande\pessoas\enia_inacio.htm --> www.clicengenharia.com.br /cliceng/wwwroot/praiagrande/pessoas enia_inacio.htm
2006.02.02 18:00 B G:\Clic Engenharia\praiagrande\pessoas\enoir_leoni.htm --> www.clicengenharia.com.br /cliceng/wwwroot/praiagrande/pessoas enoir_leoni.htm
2006.02.02 18:00 B G:\Clic Engenharia\praiagrande\pessoas\eriete_noir.htm --> www.clicengenharia.com.br /cliceng/wwwroot/praiagrande/pessoas eriete_noir.htm
2006.02.02 18:00 B G:\Clic Engenharia\praiagrande\pessoas\felix_de_Luca.htm --> www.clicengenharia.com.br /cliceng/wwwroot/praiagrande/pessoas felix_de_Luca.htm
2006.02.02 18:00 B G:\Clic Engenharia\praiagrande\pessoas\filha_osni.htm --> www.clicengenharia.com.br /cliceng/wwwroot/praiagrande/pessoas filha_osni.htm
2006.02.02 18:00 B G:\Clic Engenharia\praiagrande\pessoas\fredo_homem.htm --> www.clicengenharia.com.br /cliceng/wwwroot/praiagrande/pessoas fredo_homem.htm
2006.02.02 18:01 B G:\Clic Engenharia\praiagrande\pessoas\frei_protasio.htm --> www.clicengenharia.com.br /cliceng/wwwroot/praiagrande/pessoas frei_protasio.htm
2006.02.02 18:01 B G:\Clic Engenharia\praiagrande\pessoas\garibalde.htm --> www.clicengenharia.com.br /cliceng/wwwroot/praiagrande/pessoas garibalde.htm
2006.02.02 18:01 B G:\Clic Engenharia\praiagrande\pessoas\gervasio.htm --> www.clicengenharia.com.br /cliceng/wwwroot/praiagrande/pessoas gervasio.htm
2006.02.02 18:01 B G:\Clic Engenharia\praiagrande\pessoas\gualberto.htm --> www.clicengenharia.com.br /cliceng/wwwroot/praiagrande/pessoas gualberto.htm
2006.02.02 18:01 B G:\Clic Engenharia\praiagrande\pessoas\guerino_daros.htm --> www.clicengenharia.com.br /cliceng/wwwroot/praiagrande/pessoas guerino_daros.htm
2006.02.02 18:01 B G:\Clic Engenharia\praiagrande\pessoas\hugo_anadirce.htm --> www.clicengenharia.com.br /cliceng/wwwroot/praiagrande/pessoas hugo_anadirce.htm
2006.02.02 18:01 B G:\Clic Engenharia\praiagrande\pessoas\idalino_cardoso.htm --> www.clicengenharia.com.br /cliceng/wwwroot/praiagrande/pessoas idalino_cardoso.htm
2006.02.02 18:01 B G:\Clic Engenharia\praiagrande\pessoas\idelfonso_ramos.htm --> www.clicengenharia.com.br /cliceng/wwwroot/praiagrande/pessoas idelfonso_ramos.htm
2006.02.02 18:01 B G:\Clic Engenharia\praiagrande\pessoas\irio_mariabenta.htm --> www.clicengenharia.com.br /cliceng/wwwroot/praiagrande/pessoas irio_mariabenta.htm
2006.02.02 18:02 B G:\Clic Engenharia\praiagrande\pessoas\isauro_silveira.htm --> www.clicengenharia.com.br /cliceng/wwwroot/praiagrande/pessoas isauro_silveira.htm
2006.02.02 18:02 B G:\Clic Engenharia\praiagrande\pessoas\itamar_julci.htm --> www.clicengenharia.com.br /cliceng/wwwroot/praiagrande/pessoas itamar_julci.htm
2006.02.02 18:02 B G:\Clic Engenharia\praiagrande\pessoas\jardelina-jeronimo.htm --> www.clicengenharia.com.br /cliceng/wwwroot/praiagrande/pessoas jardelina-jeronimo.htm
2006.02.02 18:02 B G:\Clic Engenharia\praiagrande\pessoas\joao_antonio.htm --> www.clicengenharia.com.br /cliceng/wwwroot/praiagrande/pessoas joao_antonio.htm
2006.02.02 18:02 B G:\Clic Engenharia\praiagrande\pessoas\joao_inacio.htm --> www.clicengenharia.com.br /cliceng/wwwroot/praiagrande/pessoas joao_inacio.htm
2006.02.02 18:02 B G:\Clic Engenharia\praiagrande\pessoas\joao_matos.htm --> www.clicengenharia.com.br /cliceng/wwwroot/praiagrande/pessoas joao_matos.htm
2006.02.02 18:02 B G:\Clic Engenharia\praiagrande\pessoas\joao_ramos.htm --> www.clicengenharia.com.br /cliceng/wwwroot/praiagrande/pessoas joao_ramos.htm
2006.02.02 18:02 B G:\Clic Engenharia\praiagrande\pessoas\jose_amandio.htm --> www.clicengenharia.com.br /cliceng/wwwroot/praiagrande/pessoas jose_amandio.htm
2006.02.02 18:03 B G:\Clic Engenharia\praiagrande\pessoas\jose_candido.htm --> www.clicengenharia.com.br /cliceng/wwwroot/praiagrande/pessoas jose_candido.htm
2006.02.02 18:03 B G:\Clic Engenharia\praiagrande\pessoas\jose_inacio.htm --> www.clicengenharia.com.br /cliceng/wwwroot/praiagrande/pessoas jose_inacio.htm
2006.02.02 18:03 B G:\Clic Engenharia\praiagrande\pessoas\jose_ireno.htm --> www.clicengenharia.com.br /cliceng/wwwroot/praiagrande/pessoas jose_ireno.htm
2006.02.02 18:03 B G:\Clic Engenharia\praiagrande\pessoas\juca_nunez.htm --> www.clicengenharia.com.br /cliceng/wwwroot/praiagrande/pessoas juca_nunez.htm
2006.02.02 18:03 B G:\Clic Engenharia\praiagrande\pessoas\julio_clezar.htm --> www.clicengenharia.com.br /cliceng/wwwroot/praiagrande/pessoas julio_clezar.htm
2006.02.02 18:03 B G:\Clic Engenharia\praiagrande\pessoas\learcino_luiz.htm --> www.clicengenharia.com.br /cliceng/wwwroot/praiagrande/pessoas learcino_luiz.htm
2006.02.02 18:03 B G:\Clic Engenharia\praiagrande\pessoas\learcino_maciel.htm --> www.clicengenharia.com.br /cliceng/wwwroot/praiagrande/pessoas learcino_maciel.htm
2006.02.02 18:03 B G:\Clic Engenharia\praiagrande\pessoas\leonardo_tomaz.htm --> www.clicengenharia.com.br /cliceng/wwwroot/praiagrande/pessoas leonardo_tomaz.htm
2006.02.02 18:03 B G:\Clic Engenharia\praiagrande\pessoas\lindolfo_porto.htm --> www.clicengenharia.com.br /cliceng/wwwroot/praiagrande/pessoas lindolfo_porto.htm
2006.02.02 18:04 B G:\Clic Engenharia\praiagrande\pessoas\luiz_bento.htm --> www.clicengenharia.com.br /cliceng/wwwroot/praiagrande/pessoas luiz_bento.htm
2006.02.02 18:04 B G:\Clic Engenharia\praiagrande\pessoas\luiz_inacio.htm --> www.clicengenharia.com.br /cliceng/wwwroot/praiagrande/pessoas luiz_inacio.htm
2006.02.02 18:04 B G:\Clic Engenharia\praiagrande\pessoas\manduca.htm --> www.clicengenharia.com.br /cliceng/wwwroot/praiagrande/pessoas manduca.htm
2006.02.02 18:04 B G:\Clic Engenharia\praiagrande\pessoas\mane_capitao.htm --> www.clicengenharia.com.br /cliceng/wwwroot/praiagrande/pessoas mane_capitao.htm
2006.02.02 18:04 B G:\Clic Engenharia\praiagrande\pessoas\marcal_cristovao.htm --> www.clicengenharia.com.br /cliceng/wwwroot/praiagrande/pessoas marcal_cristovao.htm
2006.02.02 18:04 B G:\Clic Engenharia\praiagrande\pessoas\maria_inacio.htm --> www.clicengenharia.com.br /cliceng/wwwroot/praiagrande/pessoas maria_inacio.htm
2006.02.02 18:04 B G:\Clic Engenharia\praiagrande\pessoas\maria_jose.htm --> www.clicengenharia.com.br /cliceng/wwwroot/praiagrande/pessoas maria_jose.htm
2006.02.02 18:04 B G:\Clic Engenharia\praiagrande\pessoas\mario_leonir.htm --> www.clicengenharia.com.br /cliceng/wwwroot/praiagrande/pessoas mario_leonir.htm
2006.02.02 18:05 B G:\Clic Engenharia\praiagrande\pessoas\marlene_inacio.htm --> www.clicengenharia.com.br /cliceng/wwwroot/praiagrande/pessoas marlene_inacio.htm
2006.02.02 18:05 B G:\Clic Engenharia\praiagrande\pessoas\miguel_cardoso.htm --> www.clicengenharia.com.br /cliceng/wwwroot/praiagrande/pessoas miguel_cardoso.htm
2006.02.02 18:05 B G:\Clic Engenharia\praiagrande\pessoas\milton_eliana.htm --> www.clicengenharia.com.br /cliceng/wwwroot/praiagrande/pessoas milton_eliana.htm
2006.02.02 18:06 B G:\Clic Engenharia\praiagrande\pessoas\moraes.htm --> www.clicengenharia.com.br /cliceng/wwwroot/praiagrande/pessoas moraes.htm
2006.11.28 21:44 B F:\Clic Engenharia\praiagrande\pessoas\leonardo_tomaz.htm --> www.clicengenharia.com.br /cliceng/wwwroot/praiagrande/pessoas leonardo_tomaz.htm
2007.03.26 22:31 B F:\Clic Engenharia\praiagrande\pessoas\alfredo_aguiar.htm --> www.clicengenharia.com.br /cliceng/wwwroot/praiagrande/pessoas alfredo_aguiar.htm
2007.11.15 18:20 B D:\clic engenharia\praiagrande\pessoas\joao_claudino_rodrigues.htm --> www.clicengenharia.com.br /webroot/praiagrande/pessoas joao_claudino_rodrigues.htm
2007.11.15 18:48 B D:\clic engenharia\praiagrande\pessoas\joao_claudino_rodrigues.htm --> www.clicengenharia.com.br /webroot/praiagrande/pessoas joao_claudino_rodrigues.htm
2007.12.21 18:41 B D:\clic engenharia\praiagrande\pessoas\olivio-sbardelotto.htm --> www.clicengenharia.com.br /webroot/praiagrande/pessoas olivio-sbardelotto.htm
2007.12.21 18:41 B D:\clic engenharia\praiagrande\pessoas\olivio_burin.htm --> www.clicengenharia.com.br /webroot/praiagrande/pessoas olivio_burin.htm
2008.02.17 00:42 B D:\clic engenharia\praiagrande\pessoas\armando_maciel.htm --> www.clicengenharia.com.br /webroot/praiagrande/pessoas armando_maciel.htm
2008.02.17 00:43 B D:\clic engenharia\praiagrande\pessoas\caetano_maciel.htm --> www.clicengenharia.com.br /webroot/praiagrande/pessoas caetano_maciel.htm
2008.02.17 00:43 B D:\clic engenharia\praiagrande\pessoas\learcino_luiz.htm --> www.clicengenharia.com.br /webroot/praiagrande/pessoas learcino_luiz.htm
