2005.05.29 00:08 B G:\Clic Engenharia\praiagrande\painel\LGI_001.jpg --> www.clicengenharia.com.br /cliceng/wwwroot/praiagrande/painel/painel LGI_001.jpg
2005.05.29 00:08 B G:\Clic Engenharia\praiagrande\painel\LGI_002.jpg --> www.clicengenharia.com.br /cliceng/wwwroot/praiagrande/painel/painel LGI_002.jpg
2005.05.29 00:08 B G:\Clic Engenharia\praiagrande\painel\LGI_003.jpg --> www.clicengenharia.com.br /cliceng/wwwroot/praiagrande/painel/painel LGI_003.jpg
2005.05.29 00:08 B G:\Clic Engenharia\praiagrande\painel\LGI_004.jpg --> www.clicengenharia.com.br /cliceng/wwwroot/praiagrande/painel/painel LGI_004.jpg
2005.05.29 00:08 B G:\Clic Engenharia\praiagrande\painel\LGI_005.jpg --> www.clicengenharia.com.br /cliceng/wwwroot/praiagrande/painel/painel LGI_005.jpg
2005.05.29 00:08 B G:\Clic Engenharia\praiagrande\painel\LGI_006.jpg --> www.clicengenharia.com.br /cliceng/wwwroot/praiagrande/painel/painel LGI_006.jpg
2005.05.29 00:08 B G:\Clic Engenharia\praiagrande\painel\LGI_007.jpg --> www.clicengenharia.com.br /cliceng/wwwroot/praiagrande/painel/painel LGI_007.jpg
2005.05.29 00:08 B G:\Clic Engenharia\praiagrande\painel\LGI_008.jpg --> www.clicengenharia.com.br /cliceng/wwwroot/praiagrande/painel/painel LGI_008.jpg
2005.05.29 00:08 B G:\Clic Engenharia\praiagrande\painel\LGI_009.jpg --> www.clicengenharia.com.br /cliceng/wwwroot/praiagrande/painel/painel LGI_009.jpg
2005.05.29 00:08 B G:\Clic Engenharia\praiagrande\painel\LGI_010.jpg --> www.clicengenharia.com.br /cliceng/wwwroot/praiagrande/painel/painel LGI_010.jpg
2005.05.29 00:08 B G:\Clic Engenharia\praiagrande\painel\LGI_011.jpg --> www.clicengenharia.com.br /cliceng/wwwroot/praiagrande/painel/painel LGI_011.jpg
2005.05.29 00:08 B G:\Clic Engenharia\praiagrande\painel\LGI_012.jpg --> www.clicengenharia.com.br /cliceng/wwwroot/praiagrande/painel/painel LGI_012.jpg
2005.05.29 00:08 B G:\Clic Engenharia\praiagrande\painel\LGI_013.jpg --> www.clicengenharia.com.br /cliceng/wwwroot/praiagrande/painel/painel LGI_013.jpg
2005.05.29 00:08 B G:\Clic Engenharia\praiagrande\painel\LGI_014.jpg --> www.clicengenharia.com.br /cliceng/wwwroot/praiagrande/painel/painel LGI_014.jpg
2005.05.29 00:08 B G:\Clic Engenharia\praiagrande\painel\LGI_015.jpg --> www.clicengenharia.com.br /cliceng/wwwroot/praiagrande/painel/painel LGI_015.jpg
2005.05.29 00:08 B G:\Clic Engenharia\praiagrande\painel\LGI_016.jpg --> www.clicengenharia.com.br /cliceng/wwwroot/praiagrande/painel/painel LGI_016.jpg
2005.05.29 00:08 B G:\Clic Engenharia\praiagrande\painel\LGI_017.jpg --> www.clicengenharia.com.br /cliceng/wwwroot/praiagrande/painel/painel LGI_017.jpg
2005.05.29 00:08 B G:\Clic Engenharia\praiagrande\painel\LGI_019.jpg --> www.clicengenharia.com.br /cliceng/wwwroot/praiagrande/painel/painel LGI_019.jpg
2005.05.29 00:08 B G:\Clic Engenharia\praiagrande\painel\LGI_020.jpg --> www.clicengenharia.com.br /cliceng/wwwroot/praiagrande/painel/painel LGI_020.jpg
2005.05.29 00:08 B G:\Clic Engenharia\praiagrande\painel\LGI_021.jpg --> www.clicengenharia.com.br /cliceng/wwwroot/praiagrande/painel/painel LGI_021.jpg
2005.05.29 00:08 B G:\Clic Engenharia\praiagrande\painel\LGI_022.jpg --> www.clicengenharia.com.br /cliceng/wwwroot/praiagrande/painel/painel LGI_022.jpg
2005.05.29 00:08 B G:\Clic Engenharia\praiagrande\painel\LGI_023.jpg --> www.clicengenharia.com.br /cliceng/wwwroot/praiagrande/painel/painel LGI_023.jpg
2005.05.29 00:08 B G:\Clic Engenharia\praiagrande\painel\LGI_024.jpg --> www.clicengenharia.com.br /cliceng/wwwroot/praiagrande/painel/painel LGI_024.jpg
2005.05.29 00:09 B G:\Clic Engenharia\praiagrande\painel\LGI_025.jpg --> www.clicengenharia.com.br /cliceng/wwwroot/praiagrande/painel/painel LGI_025.jpg
2005.05.29 00:09 B G:\Clic Engenharia\praiagrande\painel\LGI_026.jpg --> www.clicengenharia.com.br /cliceng/wwwroot/praiagrande/painel/painel LGI_026.jpg
2005.05.29 00:09 B G:\Clic Engenharia\praiagrande\painel\LGI_027.jpg --> www.clicengenharia.com.br /cliceng/wwwroot/praiagrande/painel/painel LGI_027.jpg
2005.05.29 00:09 B G:\Clic Engenharia\praiagrande\painel\LGI_028.jpg --> www.clicengenharia.com.br /cliceng/wwwroot/praiagrande/painel/painel LGI_028.jpg
2005.05.29 00:09 B G:\Clic Engenharia\praiagrande\painel\LGI_029.jpg --> www.clicengenharia.com.br /cliceng/wwwroot/praiagrande/painel/painel LGI_029.jpg
2005.05.29 00:09 B G:\Clic Engenharia\praiagrande\painel\LGI_030.jpg --> www.clicengenharia.com.br /cliceng/wwwroot/praiagrande/painel/painel LGI_030.jpg
2005.05.29 00:09 B G:\Clic Engenharia\praiagrande\painel\LGI_031.jpg --> www.clicengenharia.com.br /cliceng/wwwroot/praiagrande/painel/painel LGI_031.jpg
2005.05.29 00:09 B G:\Clic Engenharia\praiagrande\painel\LGI_032.jpg --> www.clicengenharia.com.br /cliceng/wwwroot/praiagrande/painel/painel LGI_032.jpg
2005.05.29 00:09 B G:\Clic Engenharia\praiagrande\painel\LGI_033.jpg --> www.clicengenharia.com.br /cliceng/wwwroot/praiagrande/painel/painel LGI_033.jpg
2005.05.29 00:09 B G:\Clic Engenharia\praiagrande\painel\LGI_034.jpg --> www.clicengenharia.com.br /cliceng/wwwroot/praiagrande/painel/painel LGI_034.jpg
2005.05.29 00:09 B G:\Clic Engenharia\praiagrande\painel\LGI_035.jpg --> www.clicengenharia.com.br /cliceng/wwwroot/praiagrande/painel/painel LGI_035.jpg
2005.05.29 00:09 B G:\Clic Engenharia\praiagrande\painel\LGI_036.jpg --> www.clicengenharia.com.br /cliceng/wwwroot/praiagrande/painel/painel LGI_036.jpg
2005.05.29 00:09 B G:\Clic Engenharia\praiagrande\painel\LGI_037.jpg --> www.clicengenharia.com.br /cliceng/wwwroot/praiagrande/painel/painel LGI_037.jpg
2005.05.29 00:09 B G:\Clic Engenharia\praiagrande\painel\LGI_038.jpg --> www.clicengenharia.com.br /cliceng/wwwroot/praiagrande/painel/painel LGI_038.jpg
2005.05.29 00:09 B G:\Clic Engenharia\praiagrande\painel\LGI_039.jpg --> www.clicengenharia.com.br /cliceng/wwwroot/praiagrande/painel/painel LGI_039.jpg
2005.05.29 00:09 B G:\Clic Engenharia\praiagrande\painel\LGI_040.jpg --> www.clicengenharia.com.br /cliceng/wwwroot/praiagrande/painel/painel LGI_040.jpg
2005.05.29 00:09 B G:\Clic Engenharia\praiagrande\painel\LGI_041.jpg --> www.clicengenharia.com.br /cliceng/wwwroot/praiagrande/painel/painel LGI_041.jpg
2005.05.29 00:09 B G:\Clic Engenharia\praiagrande\painel\LGI_042.jpg --> www.clicengenharia.com.br /cliceng/wwwroot/praiagrande/painel/painel LGI_042.jpg
2005.05.29 00:09 B G:\Clic Engenharia\praiagrande\painel\LGI_043.jpg --> www.clicengenharia.com.br /cliceng/wwwroot/praiagrande/painel/painel LGI_043.jpg
2005.05.29 00:09 B G:\Clic Engenharia\praiagrande\painel\LGI_044.jpg --> www.clicengenharia.com.br /cliceng/wwwroot/praiagrande/painel/painel LGI_044.jpg
2005.05.29 00:09 B G:\Clic Engenharia\praiagrande\painel\LGI_045.jpg --> www.clicengenharia.com.br /cliceng/wwwroot/praiagrande/painel/painel LGI_045.jpg
2005.05.29 00:09 B G:\Clic Engenharia\praiagrande\painel\LGI_046.jpg --> www.clicengenharia.com.br /cliceng/wwwroot/praiagrande/painel/painel LGI_046.jpg
2005.05.29 00:09 B G:\Clic Engenharia\praiagrande\painel\LGI_047.jpg --> www.clicengenharia.com.br /cliceng/wwwroot/praiagrande/painel/painel LGI_047.jpg
2005.05.29 00:09 B G:\Clic Engenharia\praiagrande\painel\LGI_048.jpg --> www.clicengenharia.com.br /cliceng/wwwroot/praiagrande/painel/painel LGI_048.jpg
2005.05.29 00:09 B G:\Clic Engenharia\praiagrande\painel\LGI_049.jpg --> www.clicengenharia.com.br /cliceng/wwwroot/praiagrande/painel/painel LGI_049.jpg
2005.05.29 00:09 B G:\Clic Engenharia\praiagrande\painel\LGI_050.jpg --> www.clicengenharia.com.br /cliceng/wwwroot/praiagrande/painel/painel LGI_050.jpg
2005.05.29 00:09 B G:\Clic Engenharia\praiagrande\painel\LGI_051.jpg --> www.clicengenharia.com.br /cliceng/wwwroot/praiagrande/painel/painel LGI_051.jpg
2005.05.29 00:09 B G:\Clic Engenharia\praiagrande\painel\LGI_053.jpg --> www.clicengenharia.com.br /cliceng/wwwroot/praiagrande/painel/painel LGI_053.jpg
2005.05.29 00:09 B G:\Clic Engenharia\praiagrande\painel\LGI_054.jpg --> www.clicengenharia.com.br /cliceng/wwwroot/praiagrande/painel/painel LGI_054.jpg
2005.05.29 00:10 B G:\Clic Engenharia\praiagrande\painel\LGI_055.jpg --> www.clicengenharia.com.br /cliceng/wwwroot/praiagrande/painel/painel LGI_055.jpg
2005.05.29 00:12 B G:\Clic Engenharia\praiagrande\painel\LGI_005.jpg --> www.clicengenharia.com.br /cliceng/wwwroot/praiagrande LGI_005.jpg
2005.05.29 00:12 B G:\Clic Engenharia\praiagrande\painel\LGI_005.jpg --> www.clicengenharia.com.br /cliceng/wwwroot/praiagrande/painel LGI_005.jpg
2005.05.29 00:13 B G:\Clic Engenharia\praiagrande\painel\LGI_032.jpg --> www.clicengenharia.com.br /cliceng/wwwroot/praiagrande/painel LGI_032.jpg
2005.05.29 00:13 B G:\Clic Engenharia\praiagrande\painel\LGI_033.jpg --> www.clicengenharia.com.br /cliceng/wwwroot/praiagrande/painel LGI_033.jpg
2005.05.29 00:13 B G:\Clic Engenharia\praiagrande\painel\LGI_034.jpg --> www.clicengenharia.com.br /cliceng/wwwroot/praiagrande/painel LGI_034.jpg
2005.05.29 00:13 B G:\Clic Engenharia\praiagrande\painel\LGI_035.jpg --> www.clicengenharia.com.br /cliceng/wwwroot/praiagrande/painel LGI_035.jpg
2005.05.29 00:13 B G:\Clic Engenharia\praiagrande\painel\LGI_036.jpg --> www.clicengenharia.com.br /cliceng/wwwroot/praiagrande/painel LGI_036.jpg
2005.05.29 00:13 B G:\Clic Engenharia\praiagrande\painel\LGI_037.jpg --> www.clicengenharia.com.br /cliceng/wwwroot/praiagrande/painel LGI_037.jpg
2005.05.29 00:13 B G:\Clic Engenharia\praiagrande\painel\LGI_038.jpg --> www.clicengenharia.com.br /cliceng/wwwroot/praiagrande/painel LGI_038.jpg
2005.05.29 00:13 B G:\Clic Engenharia\praiagrande\painel\LGI_039.jpg --> www.clicengenharia.com.br /cliceng/wwwroot/praiagrande/painel LGI_039.jpg
2005.05.29 00:13 B G:\Clic Engenharia\praiagrande\painel\LGI_040.jpg --> www.clicengenharia.com.br /cliceng/wwwroot/praiagrande/painel LGI_040.jpg
2005.05.29 00:13 B G:\Clic Engenharia\praiagrande\painel\LGI_041.jpg --> www.clicengenharia.com.br /cliceng/wwwroot/praiagrande/painel LGI_041.jpg
2005.05.29 00:13 B G:\Clic Engenharia\praiagrande\painel\LGI_042.jpg --> www.clicengenharia.com.br /cliceng/wwwroot/praiagrande/painel LGI_042.jpg
2005.05.29 00:13 B G:\Clic Engenharia\praiagrande\painel\LGI_043.jpg --> www.clicengenharia.com.br /cliceng/wwwroot/praiagrande/painel LGI_043.jpg
2005.05.29 00:13 B G:\Clic Engenharia\praiagrande\painel\LGI_044.jpg --> www.clicengenharia.com.br /cliceng/wwwroot/praiagrande/painel LGI_044.jpg
2005.05.29 00:13 B G:\Clic Engenharia\praiagrande\painel\LGI_045.jpg --> www.clicengenharia.com.br /cliceng/wwwroot/praiagrande/painel LGI_045.jpg
2005.05.29 00:13 B G:\Clic Engenharia\praiagrande\painel\LGI_046.jpg --> www.clicengenharia.com.br /cliceng/wwwroot/praiagrande/painel LGI_046.jpg
2005.05.29 00:13 B G:\Clic Engenharia\praiagrande\painel\LGI_047.jpg --> www.clicengenharia.com.br /cliceng/wwwroot/praiagrande/painel LGI_047.jpg
2005.05.29 00:13 B G:\Clic Engenharia\praiagrande\painel\LGI_048.jpg --> www.clicengenharia.com.br /cliceng/wwwroot/praiagrande/painel LGI_048.jpg
2005.05.29 00:13 B G:\Clic Engenharia\praiagrande\painel\LGI_049.jpg --> www.clicengenharia.com.br /cliceng/wwwroot/praiagrande/painel LGI_049.jpg
2005.05.29 00:13 B G:\Clic Engenharia\praiagrande\painel\LGI_050.jpg --> www.clicengenharia.com.br /cliceng/wwwroot/praiagrande/painel LGI_050.jpg
2005.05.29 00:13 B G:\Clic Engenharia\praiagrande\painel\LGI_051.jpg --> www.clicengenharia.com.br /cliceng/wwwroot/praiagrande/painel LGI_051.jpg
2005.05.29 00:13 B G:\Clic Engenharia\praiagrande\painel\LGI_053.jpg --> www.clicengenharia.com.br /cliceng/wwwroot/praiagrande/painel LGI_053.jpg
2005.05.29 00:13 B G:\Clic Engenharia\praiagrande\painel\LGI_054.jpg --> www.clicengenharia.com.br /cliceng/wwwroot/praiagrande/painel LGI_054.jpg
2005.05.29 00:14 B G:\Clic Engenharia\praiagrande\painel\LGI_026.jpg --> www.clicengenharia.com.br /cliceng/wwwroot/praiagrande/painel LGI_026.jpg
2005.05.29 00:14 B G:\Clic Engenharia\praiagrande\painel\LGI_027.jpg --> www.clicengenharia.com.br /cliceng/wwwroot/praiagrande/painel LGI_027.jpg
2005.05.29 00:14 B G:\Clic Engenharia\praiagrande\painel\LGI_028.jpg --> www.clicengenharia.com.br /cliceng/wwwroot/praiagrande/painel LGI_028.jpg
2005.05.29 00:14 B G:\Clic Engenharia\praiagrande\painel\LGI_029.jpg --> www.clicengenharia.com.br /cliceng/wwwroot/praiagrande/painel LGI_029.jpg
2005.05.29 00:14 B G:\Clic Engenharia\praiagrande\painel\LGI_030.jpg --> www.clicengenharia.com.br /cliceng/wwwroot/praiagrande/painel LGI_030.jpg
2005.05.29 00:14 B G:\Clic Engenharia\praiagrande\painel\LGI_031.jpg --> www.clicengenharia.com.br /cliceng/wwwroot/praiagrande/painel LGI_031.jpg
2005.05.29 00:16 B G:\Clic Engenharia\praiagrande\painel\LGI_055.jpg --> www.clicengenharia.com.br /cliceng/wwwroot/praiagrande/painel LGI_055.jpg
2005.05.29 00:17 B G:\Clic Engenharia\praiagrande\painel\LGI_056.jpg --> www.clicengenharia.com.br /cliceng/wwwroot/praiagrande/painel LGI_056.jpg
2005.05.29 00:17 B G:\Clic Engenharia\praiagrande\painel\LGI_057.jpg --> www.clicengenharia.com.br /cliceng/wwwroot/praiagrande/painel LGI_057.jpg
2005.05.29 00:17 B G:\Clic Engenharia\praiagrande\painel\LGI_058.jpg --> www.clicengenharia.com.br /cliceng/wwwroot/praiagrande/painel LGI_058.jpg
2005.05.29 00:18 B G:\Clic Engenharia\praiagrande\painel\LGI_059.jpg --> www.clicengenharia.com.br /cliceng/wwwroot/praiagrande/painel LGI_059.jpg
2005.05.29 00:18 B G:\Clic Engenharia\praiagrande\painel\LGI_060.jpg --> www.clicengenharia.com.br /cliceng/wwwroot/praiagrande/painel LGI_060.jpg
2005.05.29 00:18 B G:\Clic Engenharia\praiagrande\painel\LGI_061.jpg --> www.clicengenharia.com.br /cliceng/wwwroot/praiagrande/painel LGI_061.jpg
2005.05.29 00:18 B G:\Clic Engenharia\praiagrande\painel\LGI_062.jpg --> www.clicengenharia.com.br /cliceng/wwwroot/praiagrande/painel LGI_062.jpg
2005.05.29 00:18 B G:\Clic Engenharia\praiagrande\painel\lgi_066.jpg --> www.clicengenharia.com.br /cliceng/wwwroot/praiagrande/painel lgi_066.jpg
2005.05.29 00:18 B G:\Clic Engenharia\praiagrande\painel\LGI_076.jpg --> www.clicengenharia.com.br /cliceng/wwwroot/praiagrande/painel LGI_076.jpg
2005.05.29 00:18 B G:\Clic Engenharia\praiagrande\painel\LGI_077.jpg --> www.clicengenharia.com.br /cliceng/wwwroot/praiagrande/painel LGI_077.jpg
2005.05.29 00:18 B G:\Clic Engenharia\praiagrande\painel\LGI_079.jpg --> www.clicengenharia.com.br /cliceng/wwwroot/praiagrande/painel LGI_079.jpg
2005.05.29 00:18 B G:\Clic Engenharia\praiagrande\painel\LGI_080.jpg --> www.clicengenharia.com.br /cliceng/wwwroot/praiagrande/painel LGI_080.jpg
2005.05.29 00:18 B G:\Clic Engenharia\praiagrande\painel\LGI_081.jpg --> www.clicengenharia.com.br /cliceng/wwwroot/praiagrande/painel LGI_081.jpg
2005.05.29 00:18 B G:\Clic Engenharia\praiagrande\painel\LGI_082.jpg --> www.clicengenharia.com.br /cliceng/wwwroot/praiagrande/painel LGI_082.jpg
2005.05.29 00:18 B G:\Clic Engenharia\praiagrande\painel\LGI_083.jpg --> www.clicengenharia.com.br /cliceng/wwwroot/praiagrande/painel LGI_083.jpg
2005.05.29 00:18 B G:\Clic Engenharia\praiagrande\painel\LGI_084.jpg --> www.clicengenharia.com.br /cliceng/wwwroot/praiagrande/painel LGI_084.jpg
2005.05.29 00:18 B G:\Clic Engenharia\praiagrande\painel\LGI_085.jpg --> www.clicengenharia.com.br /cliceng/wwwroot/praiagrande/painel LGI_085.jpg
2005.05.29 00:18 B G:\Clic Engenharia\praiagrande\painel\LGI_086.jpg --> www.clicengenharia.com.br /cliceng/wwwroot/praiagrande/painel LGI_086.jpg
2005.05.29 00:18 B G:\Clic Engenharia\praiagrande\painel\LGI_087.jpg --> www.clicengenharia.com.br /cliceng/wwwroot/praiagrande/painel LGI_087.jpg
2005.05.29 00:18 B G:\Clic Engenharia\praiagrande\painel\LGI_088.jpg --> www.clicengenharia.com.br /cliceng/wwwroot/praiagrande/painel LGI_088.jpg
2005.05.29 00:18 B G:\Clic Engenharia\praiagrande\painel\LGI_089.jpg --> www.clicengenharia.com.br /cliceng/wwwroot/praiagrande/painel LGI_089.jpg
2005.05.29 00:18 B G:\Clic Engenharia\praiagrande\painel\LGI_090.jpg --> www.clicengenharia.com.br /cliceng/wwwroot/praiagrande/painel LGI_090.jpg
2005.05.29 00:18 B G:\Clic Engenharia\praiagrande\painel\LGI_091.jpg --> www.clicengenharia.com.br /cliceng/wwwroot/praiagrande/painel LGI_091.jpg
2005.05.29 00:18 B G:\Clic Engenharia\praiagrande\painel\LGI_093.jpg --> www.clicengenharia.com.br /cliceng/wwwroot/praiagrande/painel LGI_093.jpg
2005.05.29 00:18 B G:\Clic Engenharia\praiagrande\painel\LGI_094.jpg --> www.clicengenharia.com.br /cliceng/wwwroot/praiagrande/painel LGI_094.jpg
2005.05.29 00:18 B G:\Clic Engenharia\praiagrande\painel\LGI_095.jpg --> www.clicengenharia.com.br /cliceng/wwwroot/praiagrande/painel LGI_095.jpg
2005.05.29 00:19 B G:\Clic Engenharia\praiagrande\painel\LGI_096.jpg --> www.clicengenharia.com.br /cliceng/wwwroot/praiagrande/painel LGI_096.jpg
2005.05.29 00:19 B G:\Clic Engenharia\praiagrande\painel\LGI_097.jpg --> www.clicengenharia.com.br /cliceng/wwwroot/praiagrande/painel LGI_097.jpg
2005.05.29 00:19 B G:\Clic Engenharia\praiagrande\painel\LGI_098.jpg --> www.clicengenharia.com.br /cliceng/wwwroot/praiagrande/painel LGI_098.jpg
2005.05.29 00:19 B G:\Clic Engenharia\praiagrande\painel\LGI_099.jpg --> www.clicengenharia.com.br /cliceng/wwwroot/praiagrande/painel LGI_099.jpg
2005.05.29 00:19 B G:\Clic Engenharia\praiagrande\painel\LGI_100.jpg --> www.clicengenharia.com.br /cliceng/wwwroot/praiagrande/painel LGI_100.jpg
2005.05.29 00:19 B G:\Clic Engenharia\praiagrande\painel\LGI_101.jpg --> www.clicengenharia.com.br /cliceng/wwwroot/praiagrande/painel LGI_101.jpg
2005.05.29 00:19 B G:\Clic Engenharia\praiagrande\painel\LGI_102.jpg --> www.clicengenharia.com.br /cliceng/wwwroot/praiagrande/painel LGI_102.jpg
2005.05.29 00:19 B G:\Clic Engenharia\praiagrande\painel\LGI_103.jpg --> www.clicengenharia.com.br /cliceng/wwwroot/praiagrande/painel LGI_103.jpg
2005.05.29 00:19 B G:\Clic Engenharia\praiagrande\painel\LGI_104.jpg --> www.clicengenharia.com.br /cliceng/wwwroot/praiagrande/painel LGI_104.jpg
2005.05.29 00:19 B G:\Clic Engenharia\praiagrande\painel\LGI_105.jpg --> www.clicengenharia.com.br /cliceng/wwwroot/praiagrande/painel LGI_105.jpg
2005.05.29 00:19 B G:\Clic Engenharia\praiagrande\painel\LGI_106.jpg --> www.clicengenharia.com.br /cliceng/wwwroot/praiagrande/painel LGI_106.jpg
2005.05.29 00:19 B G:\Clic Engenharia\praiagrande\painel\LGI_107.jpg --> www.clicengenharia.com.br /cliceng/wwwroot/praiagrande/painel LGI_107.jpg
2005.05.29 00:19 B G:\Clic Engenharia\praiagrande\painel\LGI_108.jpg --> www.clicengenharia.com.br /cliceng/wwwroot/praiagrande/painel LGI_108.jpg
2005.05.29 00:19 B G:\Clic Engenharia\praiagrande\painel\LGI_109.jpg --> www.clicengenharia.com.br /cliceng/wwwroot/praiagrande/painel LGI_109.jpg
2005.05.29 00:19 B G:\Clic Engenharia\praiagrande\painel\LGI_110.jpg --> www.clicengenharia.com.br /cliceng/wwwroot/praiagrande/painel LGI_110.jpg
2005.05.29 00:19 B G:\Clic Engenharia\praiagrande\painel\LGI_111.jpg --> www.clicengenharia.com.br /cliceng/wwwroot/praiagrande/painel LGI_111.jpg
2005.05.29 00:19 B G:\Clic Engenharia\praiagrande\painel\LGI_112.jpg --> www.clicengenharia.com.br /cliceng/wwwroot/praiagrande/painel LGI_112.jpg
2005.05.29 00:19 B G:\Clic Engenharia\praiagrande\painel\LGI_113.jpg --> www.clicengenharia.com.br /cliceng/wwwroot/praiagrande/painel LGI_113.jpg
2005.05.29 00:19 B G:\Clic Engenharia\praiagrande\painel\LGI_114.jpg --> www.clicengenharia.com.br /cliceng/wwwroot/praiagrande/painel LGI_114.jpg
2005.05.29 00:19 B G:\Clic Engenharia\praiagrande\painel\LGI_115.jpg --> www.clicengenharia.com.br /cliceng/wwwroot/praiagrande/painel LGI_115.jpg
2005.05.29 00:19 B G:\Clic Engenharia\praiagrande\painel\LGI_116.jpg --> www.clicengenharia.com.br /cliceng/wwwroot/praiagrande/painel LGI_116.jpg
2005.05.29 00:20 B G:\Clic Engenharia\praiagrande\painel\LGI_117.jpg --> www.clicengenharia.com.br /cliceng/wwwroot/praiagrande/painel LGI_117.jpg
2005.05.29 00:20 B G:\Clic Engenharia\praiagrande\painel\LGI_118.jpg --> www.clicengenharia.com.br /cliceng/wwwroot/praiagrande/painel LGI_118.jpg
2005.05.29 00:20 B G:\Clic Engenharia\praiagrande\painel\LGI_119.jpg --> www.clicengenharia.com.br /cliceng/wwwroot/praiagrande/painel LGI_119.jpg
2005.05.29 00:20 B G:\Clic Engenharia\praiagrande\painel\LGI_120.jpg --> www.clicengenharia.com.br /cliceng/wwwroot/praiagrande/painel LGI_120.jpg
2005.05.29 00:20 B G:\Clic Engenharia\praiagrande\painel\LGI_121.jpg --> www.clicengenharia.com.br /cliceng/wwwroot/praiagrande/painel LGI_121.jpg
2005.05.29 00:20 B G:\Clic Engenharia\praiagrande\painel\LGI_122.jpg --> www.clicengenharia.com.br /cliceng/wwwroot/praiagrande/painel LGI_122.jpg
2005.05.29 00:20 B G:\Clic Engenharia\praiagrande\painel\LGI_123.jpg --> www.clicengenharia.com.br /cliceng/wwwroot/praiagrande/painel LGI_123.jpg
2005.05.29 00:20 B G:\Clic Engenharia\praiagrande\painel\LGI_124.jpg --> www.clicengenharia.com.br /cliceng/wwwroot/praiagrande/painel LGI_124.jpg
2005.05.29 00:20 B G:\Clic Engenharia\praiagrande\painel\LGI_125.jpg --> www.clicengenharia.com.br /cliceng/wwwroot/praiagrande/painel LGI_125.jpg
2005.05.29 00:20 B G:\Clic Engenharia\praiagrande\painel\LGI_126.jpg --> www.clicengenharia.com.br /cliceng/wwwroot/praiagrande/painel LGI_126.jpg
2005.05.29 00:20 B G:\Clic Engenharia\praiagrande\painel\LGI_127.jpg --> www.clicengenharia.com.br /cliceng/wwwroot/praiagrande/painel LGI_127.jpg
2005.05.29 00:20 B G:\Clic Engenharia\praiagrande\painel\LGI_128.jpg --> www.clicengenharia.com.br /cliceng/wwwroot/praiagrande/painel LGI_128.jpg
2005.05.29 00:20 B G:\Clic Engenharia\praiagrande\painel\LGI_129.jpg --> www.clicengenharia.com.br /cliceng/wwwroot/praiagrande/painel LGI_129.jpg
2005.05.29 00:20 B G:\Clic Engenharia\praiagrande\painel\LGI_130.jpg --> www.clicengenharia.com.br /cliceng/wwwroot/praiagrande/painel LGI_130.jpg
2005.05.29 00:20 B G:\Clic Engenharia\praiagrande\painel\LGI_131.jpg --> www.clicengenharia.com.br /cliceng/wwwroot/praiagrande/painel LGI_131.jpg
2005.05.29 00:20 B G:\Clic Engenharia\praiagrande\painel\LGI_132.jpg --> www.clicengenharia.com.br /cliceng/wwwroot/praiagrande/painel LGI_132.jpg
2005.05.29 00:20 B G:\Clic Engenharia\praiagrande\painel\LGI_134.jpg --> www.clicengenharia.com.br /cliceng/wwwroot/praiagrande/painel LGI_134.jpg
2005.05.29 00:20 B G:\Clic Engenharia\praiagrande\painel\LGI_135.jpg --> www.clicengenharia.com.br /cliceng/wwwroot/praiagrande/painel LGI_135.jpg
2005.05.29 00:20 B G:\Clic Engenharia\praiagrande\painel\LGI_137.jpg --> www.clicengenharia.com.br /cliceng/wwwroot/praiagrande/painel LGI_137.jpg
2005.05.29 00:20 B G:\Clic Engenharia\praiagrande\painel\LGI_138.jpg --> www.clicengenharia.com.br /cliceng/wwwroot/praiagrande/painel LGI_138.jpg
2005.05.29 00:20 B G:\Clic Engenharia\praiagrande\painel\LGI_139.jpg --> www.clicengenharia.com.br /cliceng/wwwroot/praiagrande/painel LGI_139.jpg
2005.05.29 00:20 B G:\Clic Engenharia\praiagrande\painel\LGI_140.jpg --> www.clicengenharia.com.br /cliceng/wwwroot/praiagrande/painel LGI_140.jpg
2005.05.29 00:20 B G:\Clic Engenharia\praiagrande\painel\LGI_141.jpg --> www.clicengenharia.com.br /cliceng/wwwroot/praiagrande/painel LGI_141.jpg
2005.05.29 00:21 B G:\Clic Engenharia\praiagrande\painel\LGI_142.jpg --> www.clicengenharia.com.br /cliceng/wwwroot/praiagrande/painel LGI_142.jpg
2005.05.29 00:21 B G:\Clic Engenharia\praiagrande\painel\LGI_143.jpg --> www.clicengenharia.com.br /cliceng/wwwroot/praiagrande/painel LGI_143.jpg
2005.05.29 00:21 B G:\Clic Engenharia\praiagrande\painel\LGI_144.jpg --> www.clicengenharia.com.br /cliceng/wwwroot/praiagrande/painel LGI_144.jpg
2005.05.29 00:21 B G:\Clic Engenharia\praiagrande\painel\LGI_145.jpg --> www.clicengenharia.com.br /cliceng/wwwroot/praiagrande/painel LGI_145.jpg
2005.05.29 00:21 B G:\Clic Engenharia\praiagrande\painel\LGI_146.jpg --> www.clicengenharia.com.br /cliceng/wwwroot/praiagrande/painel LGI_146.jpg
2005.05.29 00:21 B G:\Clic Engenharia\praiagrande\painel\LGI_147.jpg --> www.clicengenharia.com.br /cliceng/wwwroot/praiagrande/painel LGI_147.jpg
2005.05.29 00:21 B G:\Clic Engenharia\praiagrande\painel\LGI_148.jpg --> www.clicengenharia.com.br /cliceng/wwwroot/praiagrande/painel LGI_148.jpg
2005.05.29 00:21 B G:\Clic Engenharia\praiagrande\painel\LGI_149.jpg --> www.clicengenharia.com.br /cliceng/wwwroot/praiagrande/painel LGI_149.jpg
2005.05.29 00:21 B G:\Clic Engenharia\praiagrande\painel\LGI_150.jpg --> www.clicengenharia.com.br /cliceng/wwwroot/praiagrande/painel LGI_150.jpg
2005.05.29 00:22 B G:\Clic Engenharia\praiagrande\painel\LGI_151.jpg --> www.clicengenharia.com.br /cliceng/wwwroot/praiagrande/painel LGI_151.jpg
2005.05.29 00:22 B G:\Clic Engenharia\praiagrande\painel\LGI_152.jpg --> www.clicengenharia.com.br /cliceng/wwwroot/praiagrande/painel LGI_152.jpg
2005.05.29 00:22 B G:\Clic Engenharia\praiagrande\painel\LGI_153.jpg --> www.clicengenharia.com.br /cliceng/wwwroot/praiagrande/painel LGI_153.jpg
2005.05.29 00:22 B G:\Clic Engenharia\praiagrande\painel\LGI_154.jpg --> www.clicengenharia.com.br /cliceng/wwwroot/praiagrande/painel LGI_154.jpg
2005.05.29 00:22 B G:\Clic Engenharia\praiagrande\painel\LGI_155.jpg --> www.clicengenharia.com.br /cliceng/wwwroot/praiagrande/painel LGI_155.jpg
2005.05.29 00:22 B G:\Clic Engenharia\praiagrande\painel\LGI_156.jpg --> www.clicengenharia.com.br /cliceng/wwwroot/praiagrande/painel LGI_156.jpg
2005.05.29 00:22 B G:\Clic Engenharia\praiagrande\painel\LGI_157.jpg --> www.clicengenharia.com.br /cliceng/wwwroot/praiagrande/painel LGI_157.jpg
2005.05.29 00:22 B G:\Clic Engenharia\praiagrande\painel\LGI_158.jpg --> www.clicengenharia.com.br /cliceng/wwwroot/praiagrande/painel LGI_158.jpg
2005.05.29 00:22 B G:\Clic Engenharia\praiagrande\painel\LGI_159.jpg --> www.clicengenharia.com.br /cliceng/wwwroot/praiagrande/painel LGI_159.jpg
2005.05.29 00:22 B G:\Clic Engenharia\praiagrande\painel\LGI_160.jpg --> www.clicengenharia.com.br /cliceng/wwwroot/praiagrande/painel LGI_160.jpg
2005.05.29 00:22 B G:\Clic Engenharia\praiagrande\painel\LGI_162.jpg --> www.clicengenharia.com.br /cliceng/wwwroot/praiagrande/painel LGI_162.jpg
2005.05.29 00:22 B G:\Clic Engenharia\praiagrande\painel\LGI_163.jpg --> www.clicengenharia.com.br /cliceng/wwwroot/praiagrande/painel LGI_163.jpg
2005.05.29 00:22 B G:\Clic Engenharia\praiagrande\painel\LGI_164.jpg --> www.clicengenharia.com.br /cliceng/wwwroot/praiagrande/painel LGI_164.jpg
2005.05.29 00:22 B G:\Clic Engenharia\praiagrande\painel\LGI_165.jpg --> www.clicengenharia.com.br /cliceng/wwwroot/praiagrande/painel LGI_165.jpg
2005.05.29 00:22 B G:\Clic Engenharia\praiagrande\painel\LGI_166.jpg --> www.clicengenharia.com.br /cliceng/wwwroot/praiagrande/painel LGI_166.jpg
2005.05.29 00:22 B G:\Clic Engenharia\praiagrande\painel\LGI_168.jpg --> www.clicengenharia.com.br /cliceng/wwwroot/praiagrande/painel LGI_168.jpg
2005.05.29 00:22 B G:\Clic Engenharia\praiagrande\painel\LGI_201.jpg --> www.clicengenharia.com.br /cliceng/wwwroot/praiagrande/painel LGI_201.jpg
2005.05.29 00:22 B G:\Clic Engenharia\praiagrande\painel\LGI_202.jpg --> www.clicengenharia.com.br /cliceng/wwwroot/praiagrande/painel LGI_202.jpg
2005.05.29 00:22 B G:\Clic Engenharia\praiagrande\painel\LGI_203.jpg --> www.clicengenharia.com.br /cliceng/wwwroot/praiagrande/painel LGI_203.jpg
2005.05.29 00:22 B G:\Clic Engenharia\praiagrande\painel\LGI_204.jpg --> www.clicengenharia.com.br /cliceng/wwwroot/praiagrande/painel LGI_204.jpg
2005.05.29 00:22 B G:\Clic Engenharia\praiagrande\painel\LGI_205.jpg --> www.clicengenharia.com.br /cliceng/wwwroot/praiagrande/painel LGI_205.jpg
2005.05.29 00:22 B G:\Clic Engenharia\praiagrande\painel\LGI_206.jpg --> www.clicengenharia.com.br /cliceng/wwwroot/praiagrande/painel LGI_206.jpg
2005.05.29 00:22 B G:\Clic Engenharia\praiagrande\painel\LGI_207.jpg --> www.clicengenharia.com.br /cliceng/wwwroot/praiagrande/painel LGI_207.jpg
2005.05.29 00:22 B G:\Clic Engenharia\praiagrande\painel\Lgi_208.jpg --> www.clicengenharia.com.br /cliceng/wwwroot/praiagrande/painel Lgi_208.jpg
2005.05.29 00:22 B G:\Clic Engenharia\praiagrande\painel\Lgi_209.jpg --> www.clicengenharia.com.br /cliceng/wwwroot/praiagrande/painel Lgi_209.jpg
2005.05.29 00:22 B G:\Clic Engenharia\praiagrande\painel\Lgi_210.jpg --> www.clicengenharia.com.br /cliceng/wwwroot/praiagrande/painel Lgi_210.jpg
2005.05.29 00:23 B G:\Clic Engenharia\praiagrande\painel\Lgi_211.jpg --> www.clicengenharia.com.br /cliceng/wwwroot/praiagrande/painel Lgi_211.jpg
2005.05.29 00:23 B G:\Clic Engenharia\praiagrande\painel\Lgi_212.jpg --> www.clicengenharia.com.br /cliceng/wwwroot/praiagrande/painel Lgi_212.jpg
2005.05.29 00:23 B G:\Clic Engenharia\praiagrande\painel\Lgi_213.jpg --> www.clicengenharia.com.br /cliceng/wwwroot/praiagrande/painel Lgi_213.jpg
2005.05.29 00:23 B G:\Clic Engenharia\praiagrande\painel\Lgi_214.jpg --> www.clicengenharia.com.br /cliceng/wwwroot/praiagrande/painel Lgi_214.jpg
2005.05.29 00:23 B G:\Clic Engenharia\praiagrande\painel\LGI_055.jpg --> www.clicengenharia.com.br /cliceng/wwwroot/praiagrande/painel LGI_055.jpg
